Vivado Simulator v2020.3.0
Time resolution is 1 ps
Note: colonna:2
Time: 367500 ps  Iteration: 1  Process: /project_tb/UUT/transistions  File: C:/Users/User/OneDrive/Desktop/project_1/project_1.srcs/sources_1/imports/project_1/project_reti_logiche.vhd
Note: riga:2
Time: 382500 ps  Iteration: 1  Process: /project_tb/UUT/transistions  File: C:/Users/User/OneDrive/Desktop/project_1/project_1.srcs/sources_1/imports/project_1/project_reti_logiche.vhd
Note: int res4
Time: 382500 ps  Iteration: 1  Process: /project_tb/UUT/transistions  File: C:/Users/User/OneDrive/Desktop/project_1/project_1.srcs/sources_1/imports/project_1/project_reti_logiche.vhd
Note: counter:2
Time: 412500 ps  Iteration: 1  Process: /project_tb/UUT/transistions  File: C:/Users/User/OneDrive/Desktop/project_1/project_1.srcs/sources_1/imports/project_1/project_reti_logiche.vhd
Note: indirizzo letto:2
Time: 412500 ps  Iteration: 1  Process: /project_tb/UUT/transistions  File: C:/Users/User/OneDrive/Desktop/project_1/project_1.srcs/sources_1/imports/project_1/project_reti_logiche.vhd
Note: letto:2
Time: 412500 ps  Iteration: 1  Process: /project_tb/UUT/transistions  File: C:/Users/User/OneDrive/Desktop/project_1/project_1.srcs/sources_1/imports/project_1/project_reti_logiche.vhd
Note: counter:2
Time: 457500 ps  Iteration: 1  Process: /project_tb/UUT/transistions  File: C:/Users/User/OneDrive/Desktop/project_1/project_1.srcs/sources_1/imports/project_1/project_reti_logiche.vhd
Note: indirizzo letto:2
Time: 457500 ps  Iteration: 1  Process: /project_tb/UUT/transistions  File: C:/Users/User/OneDrive/Desktop/project_1/project_1.srcs/sources_1/imports/project_1/project_reti_logiche.vhd
Note: letto:2
Time: 457500 ps  Iteration: 1  Process: /project_tb/UUT/transistions  File: C:/Users/User/OneDrive/Desktop/project_1/project_1.srcs/sources_1/imports/project_1/project_reti_logiche.vhd
Note: counter:2
Time: 502500 ps  Iteration: 1  Process: /project_tb/UUT/transistions  File: C:/Users/User/OneDrive/Desktop/project_1/project_1.srcs/sources_1/imports/project_1/project_reti_logiche.vhd
Note: indirizzo letto:2
Time: 502500 ps  Iteration: 1  Process: /project_tb/UUT/transistions  File: C:/Users/User/OneDrive/Desktop/project_1/project_1.srcs/sources_1/imports/project_1/project_reti_logiche.vhd
Note: letto:2
Time: 502500 ps  Iteration: 1  Process: /project_tb/UUT/transistions  File: C:/Users/User/OneDrive/Desktop/project_1/project_1.srcs/sources_1/imports/project_1/project_reti_logiche.vhd
Note: counter:2
Time: 547500 ps  Iteration: 1  Process: /project_tb/UUT/transistions  File: C:/Users/User/OneDrive/Desktop/project_1/project_1.srcs/sources_1/imports/project_1/project_reti_logiche.vhd
Note: indirizzo letto:2
Time: 547500 ps  Iteration: 1  Process: /project_tb/UUT/transistions  File: C:/Users/User/OneDrive/Desktop/project_1/project_1.srcs/sources_1/imports/project_1/project_reti_logiche.vhd
Note: letto:2
Time: 547500 ps  Iteration: 1  Process: /project_tb/UUT/transistions  File: C:/Users/User/OneDrive/Desktop/project_1/project_1.srcs/sources_1/imports/project_1/project_reti_logiche.vhd
Note: counter:2
Time: 592500 ps  Iteration: 1  Process: /project_tb/UUT/transistions  File: C:/Users/User/OneDrive/Desktop/project_1/project_1.srcs/sources_1/imports/project_1/project_reti_logiche.vhd
Note: indirizzo letto:2
Time: 592500 ps  Iteration: 1  Process: /project_tb/UUT/transistions  File: C:/Users/User/OneDrive/Desktop/project_1/project_1.srcs/sources_1/imports/project_1/project_reti_logiche.vhd
Note: letto:2
Time: 592500 ps  Iteration: 1  Process: /project_tb/UUT/transistions  File: C:/Users/User/OneDrive/Desktop/project_1/project_1.srcs/sources_1/imports/project_1/project_reti_logiche.vhd
Note: counter:2
Time: 637500 ps  Iteration: 1  Process: /project_tb/UUT/transistions  File: C:/Users/User/OneDrive/Desktop/project_1/project_1.srcs/sources_1/imports/project_1/project_reti_logiche.vhd
Note: indirizzo letto:2
Time: 637500 ps  Iteration: 1  Process: /project_tb/UUT/transistions  File: C:/Users/User/OneDrive/Desktop/project_1/project_1.srcs/sources_1/imports/project_1/project_reti_logiche.vhd
Note: letto:2
Time: 637500 ps  Iteration: 1  Process: /project_tb/UUT/transistions  File: C:/Users/User/OneDrive/Desktop/project_1/project_1.srcs/sources_1/imports/project_1/project_reti_logiche.vhd
Note: counter:2
Time: 682500 ps  Iteration: 1  Process: /project_tb/UUT/transistions  File: C:/Users/User/OneDrive/Desktop/project_1/project_1.srcs/sources_1/imports/project_1/project_reti_logiche.vhd
Note: indirizzo letto:2
Time: 682500 ps  Iteration: 1  Process: /project_tb/UUT/transistions  File: C:/Users/User/OneDrive/Desktop/project_1/project_1.srcs/sources_1/imports/project_1/project_reti_logiche.vhd
Note: letto:2
Time: 682500 ps  Iteration: 1  Process: /project_tb/UUT/transistions  File: C:/Users/User/OneDrive/Desktop/project_1/project_1.srcs/sources_1/imports/project_1/project_reti_logiche.vhd
Note: counter:2
Time: 727500 ps  Iteration: 1  Process: /project_tb/UUT/transistions  File: C:/Users/User/OneDrive/Desktop/project_1/project_1.srcs/sources_1/imports/project_1/project_reti_logiche.vhd
Note: indirizzo letto:2
Time: 727500 ps  Iteration: 1  Process: /project_tb/UUT/transistions  File: C:/Users/User/OneDrive/Desktop/project_1/project_1.srcs/sources_1/imports/project_1/project_reti_logiche.vhd
Note: letto:2
Time: 727500 ps  Iteration: 1  Process: /project_tb/UUT/transistions  File: C:/Users/User/OneDrive/Desktop/project_1/project_1.srcs/sources_1/imports/project_1/project_reti_logiche.vhd
Note: counter:2
Time: 772500 ps  Iteration: 1  Process: /project_tb/UUT/transistions  File: C:/Users/User/OneDrive/Desktop/project_1/project_1.srcs/sources_1/imports/project_1/project_reti_logiche.vhd
Note: indirizzo letto:2
Time: 772500 ps  Iteration: 1  Process: /project_tb/UUT/transistions  File: C:/Users/User/OneDrive/Desktop/project_1/project_1.srcs/sources_1/imports/project_1/project_reti_logiche.vhd
Note: letto:2
Time: 772500 ps  Iteration: 1  Process: /project_tb/UUT/transistions  File: C:/Users/User/OneDrive/Desktop/project_1/project_1.srcs/sources_1/imports/project_1/project_reti_logiche.vhd
Note: counter:2
Time: 817500 ps  Iteration: 1  Process: /project_tb/UUT/transistions  File: C:/Users/User/OneDrive/Desktop/project_1/project_1.srcs/sources_1/imports/project_1/project_reti_logiche.vhd
Note: indirizzo letto:2
Time: 817500 ps  Iteration: 1  Process: /project_tb/UUT/transistions  File: C:/Users/User/OneDrive/Desktop/project_1/project_1.srcs/sources_1/imports/project_1/project_reti_logiche.vhd
Note: letto:2
Time: 817500 ps  Iteration: 1  Process: /project_tb/UUT/transistions  File: C:/Users/User/OneDrive/Desktop/project_1/project_1.srcs/sources_1/imports/project_1/project_reti_logiche.vhd
Note: counter:2
Time: 862500 ps  Iteration: 1  Process: /project_tb/UUT/transistions  File: C:/Users/User/OneDrive/Desktop/project_1/project_1.srcs/sources_1/imports/project_1/project_reti_logiche.vhd
Note: indirizzo letto:2
Time: 862500 ps  Iteration: 1  Process: /project_tb/UUT/transistions  File: C:/Users/User/OneDrive/Desktop/project_1/project_1.srcs/sources_1/imports/project_1/project_reti_logiche.vhd
Note: letto:2
Time: 862500 ps  Iteration: 1  Process: /project_tb/UUT/transistions  File: C:/Users/User/OneDrive/Desktop/project_1/project_1.srcs/sources_1/imports/project_1/project_reti_logiche.vhd
Note: counter:2
Time: 907500 ps  Iteration: 1  Process: /project_tb/UUT/transistions  File: C:/Users/User/OneDrive/Desktop/project_1/project_1.srcs/sources_1/imports/project_1/project_reti_logiche.vhd
Note: indirizzo letto:2
Time: 907500 ps  Iteration: 1  Process: /project_tb/UUT/transistions  File: C:/Users/User/OneDrive/Desktop/project_1/project_1.srcs/sources_1/imports/project_1/project_reti_logiche.vhd
Note: letto:2
Time: 907500 ps  Iteration: 1  Process: /project_tb/UUT/transistions  File: C:/Users/User/OneDrive/Desktop/project_1/project_1.srcs/sources_1/imports/project_1/project_reti_logiche.vhd
Note: counter:2
Time: 952500 ps  Iteration: 1  Process: /project_tb/UUT/transistions  File: C:/Users/User/OneDrive/Desktop/project_1/project_1.srcs/sources_1/imports/project_1/project_reti_logiche.vhd
Note: indirizzo letto:2
Time: 952500 ps  Iteration: 1  Process: /project_tb/UUT/transistions  File: C:/Users/User/OneDrive/Desktop/project_1/project_1.srcs/sources_1/imports/project_1/project_reti_logiche.vhd
Note: letto:2
Time: 952500 ps  Iteration: 1  Process: /project_tb/UUT/transistions  File: C:/Users/User/OneDrive/Desktop/project_1/project_1.srcs/sources_1/imports/project_1/project_reti_logiche.vhd
Note: counter:2
Time: 997500 ps  Iteration: 1  Process: /project_tb/UUT/transistions  File: C:/Users/User/OneDrive/Desktop/project_1/project_1.srcs/sources_1/imports/project_1/project_reti_logiche.vhd
Note: indirizzo letto:2
Time: 997500 ps  Iteration: 1  Process: /project_tb/UUT/transistions  File: C:/Users/User/OneDrive/Desktop/project_1/project_1.srcs/sources_1/imports/project_1/project_reti_logiche.vhd
Note: letto:2
Time: 997500 ps  Iteration: 1  Process: /project_tb/UUT/transistions  File: C:/Users/User/OneDrive/Desktop/project_1/project_1.srcs/sources_1/imports/project_1/project_reti_logiche.vhd
